<?xml version="1.0" encoding="UTF-8"?>
<!-- Generated by org.testng.reporters.JUnitXMLReporter -->
<testsuite ignored="0" hostname="DESKTOP-JPCF5TS" failures="0" tests="13" name="Test" time="29.5" errors="0" timestamp="2023-08-02T16:35:56 ICT">
  <testcase classname="com.automation.testcase.TC01_RegisterFunction" name="TC01_RegisterWithValidAccount" time="4.536"/>
  <testcase classname="com.automation.testcase.TC01_RegisterFunction" name="TC02_RegisterWithExistUsername" time="3.179"/>
  <testcase classname="com.automation.testcase.TC01_RegisterFunction" name="TC03_RegisterWithInvalidUsername" time="0.701"/>
  <testcase classname="com.automation.testcase.TC01_RegisterFunction" name="TC03_RegisterWithInvalidUsername" time="1.314"/>
  <testcase classname="com.automation.testcase.TC01_RegisterFunction" name="TC03_RegisterWithInvalidUsername" time="1.201"/>
  <testcase classname="com.automation.testcase.TC01_RegisterFunction" name="TC03_RegisterWithInvalidUsername" time="0.765"/>
  <testcase classname="com.automation.testcase.TC01_RegisterFunction" name="TC04_RegisterWithInvalidPassword" time="0.814"/>
  <testcase classname="com.automation.testcase.TC01_RegisterFunction" name="TC04_RegisterWithInvalidPassword" time="0.956"/>
  <testcase classname="com.automation.testcase.TC01_RegisterFunction" name="TC05_RegisterWithInvalidRePassword" time="0.766"/>
  <testcase classname="com.automation.testcase.TC02_LoginFunction" name="TC01_LoginWithValidAccount" time="5.371"/>
  <testcase classname="com.automation.testcase.TC02_LoginFunction" name="TC02_LoginWithInvalidAccount" time="1.462"/>
  <testcase classname="com.automation.testcase.TC02_LoginFunction" name="TC02_LoginWithInvalidAccount" time="1.548"/>
  <testcase classname="com.automation.testcase.TC02_LoginFunction" name="TC02_LoginWithInvalidAccount" time="2.085"/>
</testsuite> <!-- Test -->
