<?xml version="1.0" encoding="UTF-8"?>
<!-- Generated by org.testng.reporters.JUnitXMLReporter -->
<testsuite ignored="0" hostname="DESKTOP-JPCF5TS" failures="0" tests="13" name="Test" time="29.345" errors="0" timestamp="2023-08-11T17:12:41 ICT">
  <testcase classname="com.automation.testcase.TC01_RegisterFunction" name="TC01_RegisterWithValidAccount" time="3.383"/>
  <testcase classname="com.automation.testcase.TC01_RegisterFunction" name="TC02_RegisterWithExistUsername" time="2.082"/>
  <testcase classname="com.automation.testcase.TC01_RegisterFunction" name="TC03_RegisterWithInvalidUsername" time="0.769"/>
  <testcase classname="com.automation.testcase.TC01_RegisterFunction" name="TC03_RegisterWithInvalidUsername" time="0.943"/>
  <testcase classname="com.automation.testcase.TC01_RegisterFunction" name="TC03_RegisterWithInvalidUsername" time="0.945"/>
  <testcase classname="com.automation.testcase.TC01_RegisterFunction" name="TC03_RegisterWithInvalidUsername" time="0.943"/>
  <testcase classname="com.automation.testcase.TC01_RegisterFunction" name="TC04_RegisterWithInvalidPassword" time="1.035"/>
  <testcase classname="com.automation.testcase.TC01_RegisterFunction" name="TC04_RegisterWithInvalidPassword" time="0.945"/>
  <testcase classname="com.automation.testcase.TC01_RegisterFunction" name="TC05_RegisterWithInvalidRePassword" time="1.011"/>
  <testcase classname="com.automation.testcase.TC02_LoginFunction" name="TC01_LoginWithValidAccount" time="6.969"/>
  <testcase classname="com.automation.testcase.TC02_LoginFunction" name="TC02_LoginWithInvalidAccount" time="1.901"/>
  <testcase classname="com.automation.testcase.TC02_LoginFunction" name="TC02_LoginWithInvalidAccount" time="2.163"/>
  <testcase classname="com.automation.testcase.TC02_LoginFunction" name="TC02_LoginWithInvalidAccount" time="2.14"/>
</testsuite> <!-- Test -->
