<?xml version="1.0" encoding="UTF-8"?>
<testng-results ignored="0" total="13" passed="13" failed="0" skipped="0">
  <reporter-output>
  </reporter-output>
  <suite started-at="2023-08-11T17:12:11 ICT" name="Suite" finished-at="2023-08-11T17:12:41 ICT" duration-ms="29345">
    <groups>
    </groups>
    <test started-at="2023-08-11T17:12:11 ICT" name="Test" finished-at="2023-08-11T17:12:41 ICT" duration-ms="29345">
      <class name="com.automation.testcase.TC02_LoginFunction">
        <test-method is-config="true" signature="init()[pri:0, instance:com.automation.testcase.TC02_LoginFunction@6aba2b86]" started-at="2023-08-11T17:12:26 ICT" name="init" finished-at="2023-08-11T17:12:27 ICT" duration-ms="1557" status="PASS">
          <reporter-output>
          </reporter-output>
        </test-method> <!-- init -->
        <test-method signature="TC01_LoginWithValidAccount()[pri:0, instance:com.automation.testcase.TC02_LoginFunction@6aba2b86]" started-at="2023-08-11T17:12:27 ICT" name="TC01_LoginWithValidAccount" finished-at="2023-08-11T17:12:34 ICT" duration-ms="6969" status="PASS">
          <reporter-output>
          </reporter-output>
        </test-method> <!-- TC01_LoginWithValidAccount -->
        <test-method is-config="true" signature="takeScreenshot(org.testng.ITestResult)[pri:0, instance:com.automation.testcase.TC02_LoginFunction@6aba2b86]" started-at="2023-08-11T17:12:34 ICT" name="takeScreenshot" finished-at="2023-08-11T17:12:34 ICT" duration-ms="1" status="PASS">
          <params>
            <param index="0">
              <value>
                <![CDATA[[TestResult name=TC01_LoginWithValidAccount status=SUCCESS method=TC02_LoginFunction.TC01_LoginWithValidAccount()[pri:0, instance:com.automation.testcase.TC02_LoginFunction@6aba2b86] output={null}]]]>
              </value>
            </param>
          </params>
          <reporter-output>
          </reporter-output>
        </test-method> <!-- takeScreenshot -->
        <test-method signature="TC02_LoginWithInvalidAccount(java.lang.String,java.lang.String)[pri:0, instance:com.automation.testcase.TC02_LoginFunction@6aba2b86]" started-at="2023-08-11T17:12:34 ICT" name="TC02_LoginWithInvalidAccount" data-provider="InvalidAccount" finished-at="2023-08-11T17:12:36 ICT" duration-ms="1901" status="PASS">
          <params>
            <param index="0">
              <value>
                <![CDATA[a9drxn8]]>
              </value>
            </param>
            <param index="1">
              <value>
                <![CDATA[123]]>
              </value>
            </param>
          </params>
          <reporter-output>
          </reporter-output>
        </test-method> <!-- TC02_LoginWithInvalidAccount -->
        <test-method is-config="true" signature="takeScreenshot(org.testng.ITestResult)[pri:0, instance:com.automation.testcase.TC02_LoginFunction@6aba2b86]" started-at="2023-08-11T17:12:36 ICT" name="takeScreenshot" finished-at="2023-08-11T17:12:36 ICT" duration-ms="0" status="PASS">
          <params>
            <param index="0">
              <value>
                <![CDATA[[TestResult name=TC02_LoginWithInvalidAccount status=SUCCESS method=TC02_LoginFunction.TC02_LoginWithInvalidAccount(java.lang.String,java.lang.String)[pri:0, instance:com.automation.testcase.TC02_LoginFunction@6aba2b86] output={null}]]]>
              </value>
            </param>
          </params>
          <reporter-output>
          </reporter-output>
        </test-method> <!-- takeScreenshot -->
        <test-method signature="TC02_LoginWithInvalidAccount(java.lang.String,java.lang.String)[pri:0, instance:com.automation.testcase.TC02_LoginFunction@6aba2b86]" started-at="2023-08-11T17:12:36 ICT" name="TC02_LoginWithInvalidAccount" data-provider="InvalidAccount" finished-at="2023-08-11T17:12:38 ICT" duration-ms="2163" status="PASS">
          <params>
            <param index="0">
              <value>
                <![CDATA[sd]]>
              </value>
            </param>
            <param index="1">
              <value>
                <![CDATA[8ge0y8lajvc2w]]>
              </value>
            </param>
          </params>
          <reporter-output>
          </reporter-output>
        </test-method> <!-- TC02_LoginWithInvalidAccount -->
        <test-method is-config="true" signature="takeScreenshot(org.testng.ITestResult)[pri:0, instance:com.automation.testcase.TC02_LoginFunction@6aba2b86]" started-at="2023-08-11T17:12:38 ICT" name="takeScreenshot" finished-at="2023-08-11T17:12:38 ICT" duration-ms="1" status="PASS">
          <params>
            <param index="0">
              <value>
                <![CDATA[[TestResult name=TC02_LoginWithInvalidAccount status=SUCCESS method=TC02_LoginFunction.TC02_LoginWithInvalidAccount(java.lang.String,java.lang.String)[pri:0, instance:com.automation.testcase.TC02_LoginFunction@6aba2b86] output={null}]]]>
              </value>
            </param>
          </params>
          <reporter-output>
          </reporter-output>
        </test-method> <!-- takeScreenshot -->
        <test-method signature="TC02_LoginWithInvalidAccount(java.lang.String,java.lang.String)[pri:0, instance:com.automation.testcase.TC02_LoginFunction@6aba2b86]" started-at="2023-08-11T17:12:38 ICT" name="TC02_LoginWithInvalidAccount" data-provider="InvalidAccount" finished-at="2023-08-11T17:12:41 ICT" duration-ms="2140" status="PASS">
          <params>
            <param index="0">
              <value>
                <![CDATA[mfk]]>
              </value>
            </param>
            <param index="1">
              <value>
                <![CDATA[123]]>
              </value>
            </param>
          </params>
          <reporter-output>
          </reporter-output>
        </test-method> <!-- TC02_LoginWithInvalidAccount -->
        <test-method is-config="true" signature="takeScreenshot(org.testng.ITestResult)[pri:0, instance:com.automation.testcase.TC02_LoginFunction@6aba2b86]" started-at="2023-08-11T17:12:41 ICT" name="takeScreenshot" finished-at="2023-08-11T17:12:41 ICT" duration-ms="0" status="PASS">
          <params>
            <param index="0">
              <value>
                <![CDATA[[TestResult name=TC02_LoginWithInvalidAccount status=SUCCESS method=TC02_LoginFunction.TC02_LoginWithInvalidAccount(java.lang.String,java.lang.String)[pri:0, instance:com.automation.testcase.TC02_LoginFunction@6aba2b86] output={null}]]]>
              </value>
            </param>
          </params>
          <reporter-output>
          </reporter-output>
        </test-method> <!-- takeScreenshot -->
        <test-method is-config="true" signature="closeDriver()[pri:0, instance:com.automation.testcase.TC02_LoginFunction@6aba2b86]" started-at="2023-08-11T17:12:41 ICT" name="closeDriver" finished-at="2023-08-11T17:12:41 ICT" duration-ms="84" status="PASS">
          <reporter-output>
          </reporter-output>
        </test-method> <!-- closeDriver -->
      </class> <!-- com.automation.testcase.TC02_LoginFunction -->
      <class name="com.automation.testcase.TC01_RegisterFunction">
        <test-method is-config="true" signature="init()[pri:0, instance:com.automation.testcase.TC01_RegisterFunction@15ff3e9e]" started-at="2023-08-11T17:12:11 ICT" name="init" finished-at="2023-08-11T17:12:14 ICT" duration-ms="2372" status="PASS">
          <reporter-output>
          </reporter-output>
        </test-method> <!-- init -->
        <test-method signature="TC01_RegisterWithValidAccount()[pri:0, instance:com.automation.testcase.TC01_RegisterFunction@15ff3e9e]" started-at="2023-08-11T17:12:14 ICT" name="TC01_RegisterWithValidAccount" finished-at="2023-08-11T17:12:17 ICT" duration-ms="3383" status="PASS">
          <reporter-output>
          </reporter-output>
        </test-method> <!-- TC01_RegisterWithValidAccount -->
        <test-method is-config="true" signature="takeScreenshot(org.testng.ITestResult)[pri:0, instance:com.automation.testcase.TC01_RegisterFunction@15ff3e9e]" started-at="2023-08-11T17:12:17 ICT" name="takeScreenshot" finished-at="2023-08-11T17:12:17 ICT" duration-ms="3" status="PASS">
          <params>
            <param index="0">
              <value>
                <![CDATA[[TestResult name=TC01_RegisterWithValidAccount status=SUCCESS method=TC01_RegisterFunction.TC01_RegisterWithValidAccount()[pri:0, instance:com.automation.testcase.TC01_RegisterFunction@15ff3e9e] output={null}]]]>
              </value>
            </param>
          </params>
          <reporter-output>
          </reporter-output>
        </test-method> <!-- takeScreenshot -->
        <test-method signature="TC02_RegisterWithExistUsername()[pri:0, instance:com.automation.testcase.TC01_RegisterFunction@15ff3e9e]" started-at="2023-08-11T17:12:17 ICT" name="TC02_RegisterWithExistUsername" finished-at="2023-08-11T17:12:19 ICT" duration-ms="2082" status="PASS">
          <reporter-output>
          </reporter-output>
        </test-method> <!-- TC02_RegisterWithExistUsername -->
        <test-method is-config="true" signature="takeScreenshot(org.testng.ITestResult)[pri:0, instance:com.automation.testcase.TC01_RegisterFunction@15ff3e9e]" started-at="2023-08-11T17:12:19 ICT" name="takeScreenshot" finished-at="2023-08-11T17:12:19 ICT" duration-ms="0" status="PASS">
          <params>
            <param index="0">
              <value>
                <![CDATA[[TestResult name=TC02_RegisterWithExistUsername status=SUCCESS method=TC01_RegisterFunction.TC02_RegisterWithExistUsername()[pri:0, instance:com.automation.testcase.TC01_RegisterFunction@15ff3e9e] output={null}]]]>
              </value>
            </param>
          </params>
          <reporter-output>
          </reporter-output>
        </test-method> <!-- takeScreenshot -->
        <test-method signature="TC03_RegisterWithInvalidUsername(java.lang.String)[pri:0, instance:com.automation.testcase.TC01_RegisterFunction@15ff3e9e]" started-at="2023-08-11T17:12:19 ICT" name="TC03_RegisterWithInvalidUsername" data-provider="InvalidUsername" finished-at="2023-08-11T17:12:20 ICT" duration-ms="769" status="PASS">
          <params>
            <param index="0">
              <value>
                <![CDATA[aa12]]>
              </value>
            </param>
          </params>
          <reporter-output>
          </reporter-output>
        </test-method> <!-- TC03_RegisterWithInvalidUsername -->
        <test-method is-config="true" signature="takeScreenshot(org.testng.ITestResult)[pri:0, instance:com.automation.testcase.TC01_RegisterFunction@15ff3e9e]" started-at="2023-08-11T17:12:20 ICT" name="takeScreenshot" finished-at="2023-08-11T17:12:20 ICT" duration-ms="0" status="PASS">
          <params>
            <param index="0">
              <value>
                <![CDATA[[TestResult name=TC03_RegisterWithInvalidUsername status=SUCCESS method=TC01_RegisterFunction.TC03_RegisterWithInvalidUsername(java.lang.String)[pri:0, instance:com.automation.testcase.TC01_RegisterFunction@15ff3e9e] output={null}]]]>
              </value>
            </param>
          </params>
          <reporter-output>
          </reporter-output>
        </test-method> <!-- takeScreenshot -->
        <test-method signature="TC03_RegisterWithInvalidUsername(java.lang.String)[pri:0, instance:com.automation.testcase.TC01_RegisterFunction@15ff3e9e]" started-at="2023-08-11T17:12:20 ICT" name="TC03_RegisterWithInvalidUsername" data-provider="InvalidUsername" finished-at="2023-08-11T17:12:21 ICT" duration-ms="943" status="PASS">
          <params>
            <param index="0">
              <value>
                <![CDATA[aaaaabbbbbcc12]]>
              </value>
            </param>
          </params>
          <reporter-output>
          </reporter-output>
        </test-method> <!-- TC03_RegisterWithInvalidUsername -->
        <test-method signature="TC03_RegisterWithInvalidUsername(java.lang.String)[pri:0, instance:com.automation.testcase.TC01_RegisterFunction@15ff3e9e]" started-at="2023-08-11T17:12:21 ICT" name="TC03_RegisterWithInvalidUsername" data-provider="InvalidUsername" finished-at="2023-08-11T17:12:22 ICT" duration-ms="945" status="PASS">
          <params>
            <param index="0">
              <value>
                <![CDATA[123456]]>
              </value>
            </param>
          </params>
          <reporter-output>
          </reporter-output>
        </test-method> <!-- TC03_RegisterWithInvalidUsername -->
        <test-method is-config="true" signature="takeScreenshot(org.testng.ITestResult)[pri:0, instance:com.automation.testcase.TC01_RegisterFunction@15ff3e9e]" started-at="2023-08-11T17:12:21 ICT" name="takeScreenshot" finished-at="2023-08-11T17:12:21 ICT" duration-ms="0" status="PASS">
          <params>
            <param index="0">
              <value>
                <![CDATA[[TestResult name=TC03_RegisterWithInvalidUsername status=SUCCESS method=TC01_RegisterFunction.TC03_RegisterWithInvalidUsername(java.lang.String)[pri:0, instance:com.automation.testcase.TC01_RegisterFunction@15ff3e9e] output={null}]]]>
              </value>
            </param>
          </params>
          <reporter-output>
          </reporter-output>
        </test-method> <!-- takeScreenshot -->
        <test-method signature="TC03_RegisterWithInvalidUsername(java.lang.String)[pri:0, instance:com.automation.testcase.TC01_RegisterFunction@15ff3e9e]" started-at="2023-08-11T17:12:22 ICT" name="TC03_RegisterWithInvalidUsername" data-provider="InvalidUsername" finished-at="2023-08-11T17:12:23 ICT" duration-ms="943" status="PASS">
          <params>
            <param index="0">
              <value>
                <![CDATA[abcdef]]>
              </value>
            </param>
          </params>
          <reporter-output>
          </reporter-output>
        </test-method> <!-- TC03_RegisterWithInvalidUsername -->
        <test-method is-config="true" signature="takeScreenshot(org.testng.ITestResult)[pri:0, instance:com.automation.testcase.TC01_RegisterFunction@15ff3e9e]" started-at="2023-08-11T17:12:22 ICT" name="takeScreenshot" finished-at="2023-08-11T17:12:22 ICT" duration-ms="0" status="PASS">
          <params>
            <param index="0">
              <value>
                <![CDATA[[TestResult name=TC03_RegisterWithInvalidUsername status=SUCCESS method=TC01_RegisterFunction.TC03_RegisterWithInvalidUsername(java.lang.String)[pri:0, instance:com.automation.testcase.TC01_RegisterFunction@15ff3e9e] output={null}]]]>
              </value>
            </param>
          </params>
          <reporter-output>
          </reporter-output>
        </test-method> <!-- takeScreenshot -->
        <test-method is-config="true" signature="takeScreenshot(org.testng.ITestResult)[pri:0, instance:com.automation.testcase.TC01_RegisterFunction@15ff3e9e]" started-at="2023-08-11T17:12:23 ICT" name="takeScreenshot" finished-at="2023-08-11T17:12:23 ICT" duration-ms="0" status="PASS">
          <params>
            <param index="0">
              <value>
                <![CDATA[[TestResult name=TC03_RegisterWithInvalidUsername status=SUCCESS method=TC01_RegisterFunction.TC03_RegisterWithInvalidUsername(java.lang.String)[pri:0, instance:com.automation.testcase.TC01_RegisterFunction@15ff3e9e] output={null}]]]>
              </value>
            </param>
          </params>
          <reporter-output>
          </reporter-output>
        </test-method> <!-- takeScreenshot -->
        <test-method signature="TC04_RegisterWithInvalidPassword(java.lang.String)[pri:0, instance:com.automation.testcase.TC01_RegisterFunction@15ff3e9e]" started-at="2023-08-11T17:12:23 ICT" name="TC04_RegisterWithInvalidPassword" data-provider="InvalidPassword" finished-at="2023-08-11T17:12:24 ICT" duration-ms="1035" status="PASS">
          <params>
            <param index="0">
              <value>
                <![CDATA[123456]]>
              </value>
            </param>
          </params>
          <reporter-output>
          </reporter-output>
        </test-method> <!-- TC04_RegisterWithInvalidPassword -->
        <test-method is-config="true" signature="takeScreenshot(org.testng.ITestResult)[pri:0, instance:com.automation.testcase.TC01_RegisterFunction@15ff3e9e]" started-at="2023-08-11T17:12:24 ICT" name="takeScreenshot" finished-at="2023-08-11T17:12:24 ICT" duration-ms="1" status="PASS">
          <params>
            <param index="0">
              <value>
                <![CDATA[[TestResult name=TC04_RegisterWithInvalidPassword status=SUCCESS method=TC01_RegisterFunction.TC04_RegisterWithInvalidPassword(java.lang.String)[pri:0, instance:com.automation.testcase.TC01_RegisterFunction@15ff3e9e] output={null}]]]>
              </value>
            </param>
          </params>
          <reporter-output>
          </reporter-output>
        </test-method> <!-- takeScreenshot -->
        <test-method signature="TC04_RegisterWithInvalidPassword(java.lang.String)[pri:0, instance:com.automation.testcase.TC01_RegisterFunction@15ff3e9e]" started-at="2023-08-11T17:12:24 ICT" name="TC04_RegisterWithInvalidPassword" data-provider="InvalidPassword" finished-at="2023-08-11T17:12:25 ICT" duration-ms="945" status="PASS">
          <params>
            <param index="0">
              <value>
                <![CDATA[12345678fnkelfnel12k3klnk]]>
              </value>
            </param>
          </params>
          <reporter-output>
          </reporter-output>
        </test-method> <!-- TC04_RegisterWithInvalidPassword -->
        <test-method is-config="true" signature="takeScreenshot(org.testng.ITestResult)[pri:0, instance:com.automation.testcase.TC01_RegisterFunction@15ff3e9e]" started-at="2023-08-11T17:12:25 ICT" name="takeScreenshot" finished-at="2023-08-11T17:12:25 ICT" duration-ms="1" status="PASS">
          <params>
            <param index="0">
              <value>
                <![CDATA[[TestResult name=TC04_RegisterWithInvalidPassword status=SUCCESS method=TC01_RegisterFunction.TC04_RegisterWithInvalidPassword(java.lang.String)[pri:0, instance:com.automation.testcase.TC01_RegisterFunction@15ff3e9e] output={null}]]]>
              </value>
            </param>
          </params>
          <reporter-output>
          </reporter-output>
        </test-method> <!-- takeScreenshot -->
        <test-method signature="TC05_RegisterWithInvalidRePassword()[pri:0, instance:com.automation.testcase.TC01_RegisterFunction@15ff3e9e]" started-at="2023-08-11T17:12:25 ICT" name="TC05_RegisterWithInvalidRePassword" finished-at="2023-08-11T17:12:26 ICT" duration-ms="1011" status="PASS">
          <reporter-output>
          </reporter-output>
        </test-method> <!-- TC05_RegisterWithInvalidRePassword -->
        <test-method is-config="true" signature="takeScreenshot(org.testng.ITestResult)[pri:0, instance:com.automation.testcase.TC01_RegisterFunction@15ff3e9e]" started-at="2023-08-11T17:12:26 ICT" name="takeScreenshot" finished-at="2023-08-11T17:12:26 ICT" duration-ms="1" status="PASS">
          <params>
            <param index="0">
              <value>
                <![CDATA[[TestResult name=TC05_RegisterWithInvalidRePassword status=SUCCESS method=TC01_RegisterFunction.TC05_RegisterWithInvalidRePassword()[pri:0, instance:com.automation.testcase.TC01_RegisterFunction@15ff3e9e] output={null}]]]>
              </value>
            </param>
          </params>
          <reporter-output>
          </reporter-output>
        </test-method> <!-- takeScreenshot -->
        <test-method is-config="true" signature="closeDriver()[pri:0, instance:com.automation.testcase.TC01_RegisterFunction@15ff3e9e]" started-at="2023-08-11T17:12:26 ICT" name="closeDriver" finished-at="2023-08-11T17:12:26 ICT" duration-ms="53" status="PASS">
          <reporter-output>
          </reporter-output>
        </test-method> <!-- closeDriver -->
      </class> <!-- com.automation.testcase.TC01_RegisterFunction -->
    </test> <!-- Test -->
  </suite> <!-- Suite -->
</testng-results>
