<?xml version="1.0" encoding="UTF-8"?>
<testng-results ignored="0" total="13" passed="13" failed="0" skipped="0">
  <reporter-output>
  </reporter-output>
  <suite started-at="2023-08-02T16:35:26 ICT" name="Suite" finished-at="2023-08-02T16:35:56 ICT" duration-ms="29500">
    <groups>
    </groups>
    <test started-at="2023-08-02T16:35:26 ICT" name="Test" finished-at="2023-08-02T16:35:56 ICT" duration-ms="29500">
      <class name="com.automation.testcase.TC02_LoginFunction">
        <test-method is-config="true" signature="init()[pri:0, instance:com.automation.testcase.TC02_LoginFunction@55141def]" started-at="2023-08-02T16:35:44 ICT" name="init" finished-at="2023-08-02T16:35:45 ICT" duration-ms="1536" status="PASS">
          <reporter-output>
          </reporter-output>
        </test-method> <!-- init -->
        <test-method signature="TC01_LoginWithValidAccount()[pri:0, instance:com.automation.testcase.TC02_LoginFunction@55141def]" started-at="2023-08-02T16:35:45 ICT" name="TC01_LoginWithValidAccount" finished-at="2023-08-02T16:35:51 ICT" duration-ms="5371" status="PASS">
          <reporter-output>
          </reporter-output>
        </test-method> <!-- TC01_LoginWithValidAccount -->
        <test-method is-config="true" signature="takeScreenshot(org.testng.ITestResult)[pri:0, instance:com.automation.testcase.TC02_LoginFunction@55141def]" started-at="2023-08-02T16:35:51 ICT" name="takeScreenshot" finished-at="2023-08-02T16:35:51 ICT" duration-ms="1" status="PASS">
          <params>
            <param index="0">
              <value>
                <![CDATA[[TestResult name=TC01_LoginWithValidAccount status=SUCCESS method=TC02_LoginFunction.TC01_LoginWithValidAccount()[pri:0, instance:com.automation.testcase.TC02_LoginFunction@55141def] output={null}]]]>
              </value>
            </param>
          </params>
          <reporter-output>
          </reporter-output>
        </test-method> <!-- takeScreenshot -->
        <test-method signature="TC02_LoginWithInvalidAccount(java.lang.String,java.lang.String)[pri:0, instance:com.automation.testcase.TC02_LoginFunction@55141def]" started-at="2023-08-02T16:35:51 ICT" name="TC02_LoginWithInvalidAccount" data-provider="InvalidAccount" finished-at="2023-08-02T16:35:52 ICT" duration-ms="1462" status="PASS">
          <params>
            <param index="0">
              <value>
                <![CDATA[h0oxf]]>
              </value>
            </param>
            <param index="1">
              <value>
                <![CDATA[mdsm]]>
              </value>
            </param>
          </params>
          <reporter-output>
          </reporter-output>
        </test-method> <!-- TC02_LoginWithInvalidAccount -->
        <test-method signature="TC02_LoginWithInvalidAccount(java.lang.String,java.lang.String)[pri:0, instance:com.automation.testcase.TC02_LoginFunction@55141def]" started-at="2023-08-02T16:35:52 ICT" name="TC02_LoginWithInvalidAccount" data-provider="InvalidAccount" finished-at="2023-08-02T16:35:54 ICT" duration-ms="1548" status="PASS">
          <params>
            <param index="0">
              <value>
                <![CDATA[sd]]>
              </value>
            </param>
            <param index="1">
              <value>
                <![CDATA[tpa8jxpe75loe9k]]>
              </value>
            </param>
          </params>
          <reporter-output>
          </reporter-output>
        </test-method> <!-- TC02_LoginWithInvalidAccount -->
        <test-method is-config="true" signature="takeScreenshot(org.testng.ITestResult)[pri:0, instance:com.automation.testcase.TC02_LoginFunction@55141def]" started-at="2023-08-02T16:35:52 ICT" name="takeScreenshot" finished-at="2023-08-02T16:35:52 ICT" duration-ms="0" status="PASS">
          <params>
            <param index="0">
              <value>
                <![CDATA[[TestResult name=TC02_LoginWithInvalidAccount status=SUCCESS method=TC02_LoginFunction.TC02_LoginWithInvalidAccount(java.lang.String,java.lang.String)[pri:0, instance:com.automation.testcase.TC02_LoginFunction@55141def] output={null}]]]>
              </value>
            </param>
          </params>
          <reporter-output>
          </reporter-output>
        </test-method> <!-- takeScreenshot -->
        <test-method signature="TC02_LoginWithInvalidAccount(java.lang.String,java.lang.String)[pri:0, instance:com.automation.testcase.TC02_LoginFunction@55141def]" started-at="2023-08-02T16:35:54 ICT" name="TC02_LoginWithInvalidAccount" data-provider="InvalidAccount" finished-at="2023-08-02T16:35:56 ICT" duration-ms="2085" status="PASS">
          <params>
            <param index="0">
              <value>
                <![CDATA[mfk]]>
              </value>
            </param>
            <param index="1">
              <value>
                <![CDATA[123]]>
              </value>
            </param>
          </params>
          <reporter-output>
          </reporter-output>
        </test-method> <!-- TC02_LoginWithInvalidAccount -->
        <test-method is-config="true" signature="takeScreenshot(org.testng.ITestResult)[pri:0, instance:com.automation.testcase.TC02_LoginFunction@55141def]" started-at="2023-08-02T16:35:54 ICT" name="takeScreenshot" finished-at="2023-08-02T16:35:54 ICT" duration-ms="0" status="PASS">
          <params>
            <param index="0">
              <value>
                <![CDATA[[TestResult name=TC02_LoginWithInvalidAccount status=SUCCESS method=TC02_LoginFunction.TC02_LoginWithInvalidAccount(java.lang.String,java.lang.String)[pri:0, instance:com.automation.testcase.TC02_LoginFunction@55141def] output={null}]]]>
              </value>
            </param>
          </params>
          <reporter-output>
          </reporter-output>
        </test-method> <!-- takeScreenshot -->
        <test-method is-config="true" signature="takeScreenshot(org.testng.ITestResult)[pri:0, instance:com.automation.testcase.TC02_LoginFunction@55141def]" started-at="2023-08-02T16:35:56 ICT" name="takeScreenshot" finished-at="2023-08-02T16:35:56 ICT" duration-ms="0" status="PASS">
          <params>
            <param index="0">
              <value>
                <![CDATA[[TestResult name=TC02_LoginWithInvalidAccount status=SUCCESS method=TC02_LoginFunction.TC02_LoginWithInvalidAccount(java.lang.String,java.lang.String)[pri:0, instance:com.automation.testcase.TC02_LoginFunction@55141def] output={null}]]]>
              </value>
            </param>
          </params>
          <reporter-output>
          </reporter-output>
        </test-method> <!-- takeScreenshot -->
        <test-method is-config="true" signature="closeDriver()[pri:0, instance:com.automation.testcase.TC02_LoginFunction@55141def]" started-at="2023-08-02T16:35:56 ICT" name="closeDriver" finished-at="2023-08-02T16:35:56 ICT" duration-ms="52" status="PASS">
          <reporter-output>
          </reporter-output>
        </test-method> <!-- closeDriver -->
      </class> <!-- com.automation.testcase.TC02_LoginFunction -->
      <class name="com.automation.testcase.TC01_RegisterFunction">
        <test-method is-config="true" signature="init()[pri:0, instance:com.automation.testcase.TC01_RegisterFunction@4d5d943d]" started-at="2023-08-02T16:35:26 ICT" name="init" finished-at="2023-08-02T16:35:29 ICT" duration-ms="3088" status="PASS">
          <reporter-output>
          </reporter-output>
        </test-method> <!-- init -->
        <test-method signature="TC01_RegisterWithValidAccount()[pri:0, instance:com.automation.testcase.TC01_RegisterFunction@4d5d943d]" started-at="2023-08-02T16:35:29 ICT" name="TC01_RegisterWithValidAccount" finished-at="2023-08-02T16:35:34 ICT" duration-ms="4536" status="PASS">
          <reporter-output>
          </reporter-output>
        </test-method> <!-- TC01_RegisterWithValidAccount -->
        <test-method is-config="true" signature="takeScreenshot(org.testng.ITestResult)[pri:0, instance:com.automation.testcase.TC01_RegisterFunction@4d5d943d]" started-at="2023-08-02T16:35:34 ICT" name="takeScreenshot" finished-at="2023-08-02T16:35:34 ICT" duration-ms="1" status="PASS">
          <params>
            <param index="0">
              <value>
                <![CDATA[[TestResult name=TC01_RegisterWithValidAccount status=SUCCESS method=TC01_RegisterFunction.TC01_RegisterWithValidAccount()[pri:0, instance:com.automation.testcase.TC01_RegisterFunction@4d5d943d] output={null}]]]>
              </value>
            </param>
          </params>
          <reporter-output>
          </reporter-output>
        </test-method> <!-- takeScreenshot -->
        <test-method signature="TC02_RegisterWithExistUsername()[pri:0, instance:com.automation.testcase.TC01_RegisterFunction@4d5d943d]" started-at="2023-08-02T16:35:34 ICT" name="TC02_RegisterWithExistUsername" finished-at="2023-08-02T16:35:37 ICT" duration-ms="3179" status="PASS">
          <reporter-output>
          </reporter-output>
        </test-method> <!-- TC02_RegisterWithExistUsername -->
        <test-method is-config="true" signature="takeScreenshot(org.testng.ITestResult)[pri:0, instance:com.automation.testcase.TC01_RegisterFunction@4d5d943d]" started-at="2023-08-02T16:35:37 ICT" name="takeScreenshot" finished-at="2023-08-02T16:35:37 ICT" duration-ms="0" status="PASS">
          <params>
            <param index="0">
              <value>
                <![CDATA[[TestResult name=TC02_RegisterWithExistUsername status=SUCCESS method=TC01_RegisterFunction.TC02_RegisterWithExistUsername()[pri:0, instance:com.automation.testcase.TC01_RegisterFunction@4d5d943d] output={null}]]]>
              </value>
            </param>
          </params>
          <reporter-output>
          </reporter-output>
        </test-method> <!-- takeScreenshot -->
        <test-method signature="TC03_RegisterWithInvalidUsername(java.lang.String)[pri:0, instance:com.automation.testcase.TC01_RegisterFunction@4d5d943d]" started-at="2023-08-02T16:35:37 ICT" name="TC03_RegisterWithInvalidUsername" data-provider="InvalidUsername" finished-at="2023-08-02T16:35:38 ICT" duration-ms="701" status="PASS">
          <params>
            <param index="0">
              <value>
                <![CDATA[aa12]]>
              </value>
            </param>
          </params>
          <reporter-output>
          </reporter-output>
        </test-method> <!-- TC03_RegisterWithInvalidUsername -->
        <test-method is-config="true" signature="takeScreenshot(org.testng.ITestResult)[pri:0, instance:com.automation.testcase.TC01_RegisterFunction@4d5d943d]" started-at="2023-08-02T16:35:38 ICT" name="takeScreenshot" finished-at="2023-08-02T16:35:38 ICT" duration-ms="0" status="PASS">
          <params>
            <param index="0">
              <value>
                <![CDATA[[TestResult name=TC03_RegisterWithInvalidUsername status=SUCCESS method=TC01_RegisterFunction.TC03_RegisterWithInvalidUsername(java.lang.String)[pri:0, instance:com.automation.testcase.TC01_RegisterFunction@4d5d943d] output={null}]]]>
              </value>
            </param>
          </params>
          <reporter-output>
          </reporter-output>
        </test-method> <!-- takeScreenshot -->
        <test-method signature="TC03_RegisterWithInvalidUsername(java.lang.String)[pri:0, instance:com.automation.testcase.TC01_RegisterFunction@4d5d943d]" started-at="2023-08-02T16:35:38 ICT" name="TC03_RegisterWithInvalidUsername" data-provider="InvalidUsername" finished-at="2023-08-02T16:35:39 ICT" duration-ms="1314" status="PASS">
          <params>
            <param index="0">
              <value>
                <![CDATA[aaaaabbbbbcc12]]>
              </value>
            </param>
          </params>
          <reporter-output>
          </reporter-output>
        </test-method> <!-- TC03_RegisterWithInvalidUsername -->
        <test-method signature="TC03_RegisterWithInvalidUsername(java.lang.String)[pri:0, instance:com.automation.testcase.TC01_RegisterFunction@4d5d943d]" started-at="2023-08-02T16:35:39 ICT" name="TC03_RegisterWithInvalidUsername" data-provider="InvalidUsername" finished-at="2023-08-02T16:35:40 ICT" duration-ms="1201" status="PASS">
          <params>
            <param index="0">
              <value>
                <![CDATA[123456]]>
              </value>
            </param>
          </params>
          <reporter-output>
          </reporter-output>
        </test-method> <!-- TC03_RegisterWithInvalidUsername -->
        <test-method is-config="true" signature="takeScreenshot(org.testng.ITestResult)[pri:0, instance:com.automation.testcase.TC01_RegisterFunction@4d5d943d]" started-at="2023-08-02T16:35:39 ICT" name="takeScreenshot" finished-at="2023-08-02T16:35:39 ICT" duration-ms="0" status="PASS">
          <params>
            <param index="0">
              <value>
                <![CDATA[[TestResult name=TC03_RegisterWithInvalidUsername status=SUCCESS method=TC01_RegisterFunction.TC03_RegisterWithInvalidUsername(java.lang.String)[pri:0, instance:com.automation.testcase.TC01_RegisterFunction@4d5d943d] output={null}]]]>
              </value>
            </param>
          </params>
          <reporter-output>
          </reporter-output>
        </test-method> <!-- takeScreenshot -->
        <test-method signature="TC03_RegisterWithInvalidUsername(java.lang.String)[pri:0, instance:com.automation.testcase.TC01_RegisterFunction@4d5d943d]" started-at="2023-08-02T16:35:40 ICT" name="TC03_RegisterWithInvalidUsername" data-provider="InvalidUsername" finished-at="2023-08-02T16:35:41 ICT" duration-ms="765" status="PASS">
          <params>
            <param index="0">
              <value>
                <![CDATA[abcdef]]>
              </value>
            </param>
          </params>
          <reporter-output>
          </reporter-output>
        </test-method> <!-- TC03_RegisterWithInvalidUsername -->
        <test-method is-config="true" signature="takeScreenshot(org.testng.ITestResult)[pri:0, instance:com.automation.testcase.TC01_RegisterFunction@4d5d943d]" started-at="2023-08-02T16:35:40 ICT" name="takeScreenshot" finished-at="2023-08-02T16:35:40 ICT" duration-ms="0" status="PASS">
          <params>
            <param index="0">
              <value>
                <![CDATA[[TestResult name=TC03_RegisterWithInvalidUsername status=SUCCESS method=TC01_RegisterFunction.TC03_RegisterWithInvalidUsername(java.lang.String)[pri:0, instance:com.automation.testcase.TC01_RegisterFunction@4d5d943d] output={null}]]]>
              </value>
            </param>
          </params>
          <reporter-output>
          </reporter-output>
        </test-method> <!-- takeScreenshot -->
        <test-method is-config="true" signature="takeScreenshot(org.testng.ITestResult)[pri:0, instance:com.automation.testcase.TC01_RegisterFunction@4d5d943d]" started-at="2023-08-02T16:35:41 ICT" name="takeScreenshot" finished-at="2023-08-02T16:35:41 ICT" duration-ms="0" status="PASS">
          <params>
            <param index="0">
              <value>
                <![CDATA[[TestResult name=TC03_RegisterWithInvalidUsername status=SUCCESS method=TC01_RegisterFunction.TC03_RegisterWithInvalidUsername(java.lang.String)[pri:0, instance:com.automation.testcase.TC01_RegisterFunction@4d5d943d] output={null}]]]>
              </value>
            </param>
          </params>
          <reporter-output>
          </reporter-output>
        </test-method> <!-- takeScreenshot -->
        <test-method signature="TC04_RegisterWithInvalidPassword(java.lang.String)[pri:0, instance:com.automation.testcase.TC01_RegisterFunction@4d5d943d]" started-at="2023-08-02T16:35:41 ICT" name="TC04_RegisterWithInvalidPassword" data-provider="InvalidPassword" finished-at="2023-08-02T16:35:42 ICT" duration-ms="814" status="PASS">
          <params>
            <param index="0">
              <value>
                <![CDATA[123456]]>
              </value>
            </param>
          </params>
          <reporter-output>
          </reporter-output>
        </test-method> <!-- TC04_RegisterWithInvalidPassword -->
        <test-method is-config="true" signature="takeScreenshot(org.testng.ITestResult)[pri:0, instance:com.automation.testcase.TC01_RegisterFunction@4d5d943d]" started-at="2023-08-02T16:35:42 ICT" name="takeScreenshot" finished-at="2023-08-02T16:35:42 ICT" duration-ms="1" status="PASS">
          <params>
            <param index="0">
              <value>
                <![CDATA[[TestResult name=TC04_RegisterWithInvalidPassword status=SUCCESS method=TC01_RegisterFunction.TC04_RegisterWithInvalidPassword(java.lang.String)[pri:0, instance:com.automation.testcase.TC01_RegisterFunction@4d5d943d] output={null}]]]>
              </value>
            </param>
          </params>
          <reporter-output>
          </reporter-output>
        </test-method> <!-- takeScreenshot -->
        <test-method signature="TC04_RegisterWithInvalidPassword(java.lang.String)[pri:0, instance:com.automation.testcase.TC01_RegisterFunction@4d5d943d]" started-at="2023-08-02T16:35:42 ICT" name="TC04_RegisterWithInvalidPassword" data-provider="InvalidPassword" finished-at="2023-08-02T16:35:43 ICT" duration-ms="956" status="PASS">
          <params>
            <param index="0">
              <value>
                <![CDATA[12345678fnkelfnel12k3klnk]]>
              </value>
            </param>
          </params>
          <reporter-output>
          </reporter-output>
        </test-method> <!-- TC04_RegisterWithInvalidPassword -->
        <test-method signature="TC05_RegisterWithInvalidRePassword()[pri:0, instance:com.automation.testcase.TC01_RegisterFunction@4d5d943d]" started-at="2023-08-02T16:35:43 ICT" name="TC05_RegisterWithInvalidRePassword" finished-at="2023-08-02T16:35:44 ICT" duration-ms="766" status="PASS">
          <reporter-output>
          </reporter-output>
        </test-method> <!-- TC05_RegisterWithInvalidRePassword -->
        <test-method is-config="true" signature="takeScreenshot(org.testng.ITestResult)[pri:0, instance:com.automation.testcase.TC01_RegisterFunction@4d5d943d]" started-at="2023-08-02T16:35:43 ICT" name="takeScreenshot" finished-at="2023-08-02T16:35:43 ICT" duration-ms="0" status="PASS">
          <params>
            <param index="0">
              <value>
                <![CDATA[[TestResult name=TC04_RegisterWithInvalidPassword status=SUCCESS method=TC01_RegisterFunction.TC04_RegisterWithInvalidPassword(java.lang.String)[pri:0, instance:com.automation.testcase.TC01_RegisterFunction@4d5d943d] output={null}]]]>
              </value>
            </param>
          </params>
          <reporter-output>
          </reporter-output>
        </test-method> <!-- takeScreenshot -->
        <test-method is-config="true" signature="takeScreenshot(org.testng.ITestResult)[pri:0, instance:com.automation.testcase.TC01_RegisterFunction@4d5d943d]" started-at="2023-08-02T16:35:44 ICT" name="takeScreenshot" finished-at="2023-08-02T16:35:44 ICT" duration-ms="0" status="PASS">
          <params>
            <param index="0">
              <value>
                <![CDATA[[TestResult name=TC05_RegisterWithInvalidRePassword status=SUCCESS method=TC01_RegisterFunction.TC05_RegisterWithInvalidRePassword()[pri:0, instance:com.automation.testcase.TC01_RegisterFunction@4d5d943d] output={null}]]]>
              </value>
            </param>
          </params>
          <reporter-output>
          </reporter-output>
        </test-method> <!-- takeScreenshot -->
        <test-method is-config="true" signature="closeDriver()[pri:0, instance:com.automation.testcase.TC01_RegisterFunction@4d5d943d]" started-at="2023-08-02T16:35:44 ICT" name="closeDriver" finished-at="2023-08-02T16:35:44 ICT" duration-ms="49" status="PASS">
          <reporter-output>
          </reporter-output>
        </test-method> <!-- closeDriver -->
      </class> <!-- com.automation.testcase.TC01_RegisterFunction -->
    </test> <!-- Test -->
  </suite> <!-- Suite -->
</testng-results>
